<?xml version="1.0" encoding="UTF-8"?>
<!-- Generated by org.testng.reporters.JUnitReportReporter -->
<testsuite skipped="0" hostname="DESKTOP-RV3TNGE" name="testCases.getDictionaryWords" tests="1" failures="0" timestamp="12 May 2021 20:35:31 GMT" time="4.681" errors="0">
  <testcase name="getDictionaryWord" time="4.681" classname="testCases.getDictionaryWords"/>
</testsuite> <!-- testCases.getDictionaryWords -->
